<?xml version="1.0" encoding="UTF-8"?>
<!-- Generated by org.testng.reporters.JUnitReportReporter -->
<testsuite hostname="HP" failures="0" tests="1" name="com.dcpl.testcase.CreditAndAdvancePageTest" time="61.214" errors="0" timestamp="2022-12-06T15:43:07 IST" skipped="0">
  <testcase classname="com.dcpl.testcase.CreditAndAdvancePageTest" name="verifyCreditAdvacnceTest" time="61.214"/>
  <system-out/>
</testsuite> <!-- com.dcpl.testcase.CreditAndAdvancePageTest -->
