<?xml version="1.0" encoding="UTF-8"?>
<!-- Generated by org.testng.reporters.JUnitReportReporter -->
<testsuite skipped="0" hostname="HP" name="com.dcpl.testcase.CashierReceiptPageTest" tests="1" failures="0" timestamp="2023-01-31T13:17:43 IST" time="21.557" errors="0">
  <testcase name="verifyReceiptsConfirmationByCashier" time="21.557" classname="com.dcpl.testcase.CashierReceiptPageTest"/>
  <system-out/>
</testsuite> <!-- com.dcpl.testcase.CashierReceiptPageTest -->
