<?xml version="1.0" encoding="UTF-8"?>
<!-- Generated by org.testng.reporters.JUnitReportReporter -->
<testsuite skipped="0" hostname="HP" name="com.dcpl.testcase.OrderConfirmationPageTest" tests="1" failures="0" timestamp="2023-01-31T13:17:43 IST" time="24.717" errors="0">
  <testcase name="verifyOrderConfirmationByCashier" time="24.717" classname="com.dcpl.testcase.OrderConfirmationPageTest"/>
  <system-out/>
</testsuite> <!-- com.dcpl.testcase.OrderConfirmationPageTest -->
